0 info it worked if it ends with ok
1 verbose cli [
1 verbose cli   'C:\\Program Files\\nodejs\\node.exe',
1 verbose cli   'C:\\Users\\sanja\\AppData\\Roaming\\npm\\node_modules\\npm\\bin\\npm-cli.js',
1 verbose cli   'start'
1 verbose cli ]
2 info using npm@3.10.10
3 info using node@v16.13.1
4 verbose run-script [ 'prestart', 'start', 'poststart' ]
5 info lifecycle contentfactory@0.1.0~prestart: contentfactory@0.1.0
6 silly lifecycle contentfactory@0.1.0~prestart: no script for prestart, continuing
7 info lifecycle contentfactory@0.1.0~start: contentfactory@0.1.0
8 verbose lifecycle contentfactory@0.1.0~start: unsafe-perm in lifecycle true
9 verbose lifecycle contentfactory@0.1.0~start: PATH: C:\Users\sanja\AppData\Roaming\npm\node_modules\npm\bin\node-gyp-bin;D:\ContentFactory\node_modules\.bin;C:\Program Files (x86)\Common Files\Oracle\Java\javapath;C:\WINDOWS\system32;C:\WINDOWS;C:\WINDOWS\System32\Wbem;C:\WINDOWS\System32\WindowsPowerShell\v1.0\;C:\WINDOWS\System32\OpenSSH\;C:\Program Files\nodejs\;C:\Program Files\Git\cmd;C:\Program Files (x86)\dotnet\;C:\Users\sanja\scoop\apps\yarn\current\global\node_modules\.bin;C:\Users\sanja\scoop\apps\yarn\current\bin;C:\Users\sanja\scoop\shims;C:\Users\sanja\AppData\Local\Programs\Python\Python38\Scripts\;C:\Users\sanja\AppData\Local\Programs\Python\Python38\;C:\Users\sanja\AppData\Local\Microsoft\WindowsApps;C:\Users\sanja\AppData\Local\Programs\Microsoft VS Code\bin;C:\Program Files\cmake-3.22.0-rc3-windows-x86_64\bin;C:\Users\sanja\AppData\Local\Programs\Python\Python38\Lib\site-packages;C:\Program Files\JetBrains\PyCharm 2021.2.3\bin;C:\Program Files\JetBrains\PyCharm Community Edition 2021.3\bin;C:\Users\sanja\AppData\Roaming\npm;C:\Users\sanja\Documents\flutter\bin;
10 verbose lifecycle contentfactory@0.1.0~start: CWD: D:\ContentFactory
11 silly lifecycle contentfactory@0.1.0~start: Args: [ '/d /s /c', 'react-scripts start' ]
12 verbose stack Error: kill ENOSYS
12 verbose stack     at process.kill (node:internal/process/per_thread:215:13)
12 verbose stack     at process.listener (C:\Users\sanja\AppData\Roaming\npm\node_modules\npm\node_modules\npmlog\node_modules\gauge\node_modules\signal-exit\index.js:86:15)
12 verbose stack     at process.emit (node:events:402:35)
13 verbose cwd D:\ContentFactory
14 error Windows_NT 10.0.22000
15 error argv "C:\\Program Files\\nodejs\\node.exe" "C:\\Users\\sanja\\AppData\\Roaming\\npm\\node_modules\\npm\\bin\\npm-cli.js" "start"
16 error node v16.13.1
17 error npm  v3.10.10
18 error code ENOSYS
19 error errno -4054
20 error syscall kill
21 error kill ENOSYS
22 error If you need help, you may report this error at:
22 error     <https://github.com/npm/npm/issues>
23 verbose exit [ -4054, true ]
